wsl: Failed to translate 'D:\intelFPGA_lite\20.1\modelsim_ase\win32aloem'
============================= test session starts ==============================
platform linux -- Python 3.10.12, pytest-9.0.2, pluggy-1.6.0
rootdir: /mnt/c/Workspace/quartus_project
plugins: cocotb-test-0.2.6
collected 5 items / 4 deselected / 1 selected

tests/cocotb/test_runner.py F                                            [100%]

=================================== FAILURES ===================================
_________ test_cocotb_modules[burst_master_4-tb_burst_master-sources4] _________

toplevel = 'burst_master_4', module = 'tb_burst_master'
sources = ['/mnt/c/Workspace/quartus_project/RTL/burst_master_4.v', '/mnt/c/Workspace/quartus_project/RTL/simple_fifo.v']

    @pytest.mark.parametrize("toplevel, module, sources", [
        (
            "my_custom_slave",
            "tb_my_slave",
            [
                os.path.join(PROJ_PATH, "RTL", "my_slave.v"),
                os.path.join(PROJ_PATH, "ip", "dpram.v"),
                os.path.join(os.path.dirname(__file__), "sim_models", "altsyncram.v")
            ]
        ),
        (
            "stream_processor",
            "tb_stream_processor_avs",
            [
                os.path.join(PROJ_PATH, "RTL", "stream_processor.v")
            ]
        ),
        (
            "burst_master",
            "tb_burst_master",
            [
                os.path.join(PROJ_PATH, "RTL", "burst_master.v"),
                os.path.join(PROJ_PATH, "RTL", "simple_fifo.v")
            ]
        ),
        (
            "burst_master_2",
            "tb_burst_master",
            [
                os.path.join(PROJ_PATH, "RTL", "burst_master_2.v"),
                os.path.join(PROJ_PATH, "RTL", "simple_fifo.v")
            ]
        ),
        (
            "burst_master_4",
            "tb_burst_master",
            [
                os.path.join(PROJ_PATH, "RTL", "burst_master_4.v"),
                os.path.join(PROJ_PATH, "RTL", "simple_fifo.v")
            ]
        ),
    ])
    def test_cocotb_modules(toplevel, module, sources):
        """Pytest runner for Cocotb tests"""
        sim_build = os.path.join("sim_build", toplevel)
>       run(
            verilog_sources=sources,
            toplevel=toplevel,
            module=module,
            simulator="icarus",
            waves=True, # cocotb-test???쒖? ?뚰삎 ?ㅽ봽 ?쒖꽦??            sim_build=sim_build, # 媛?紐⑤뱢蹂꾨줈 ?낅┰??鍮뚮뱶 ?붾젆?좊━ ?ъ슜 (異⑸룎 諛⑹?)
            results_xml=os.path.join(sim_build, "results.xml") # XML 寃곌낵 ?뚯씪??鍮뚮뱶 ?대뜑 ?대줈 吏묒쨷
        )
E       SystemExit: FAILED 1 tests.

tests/cocotb/test_runner.py:53: SystemExit
------------------------------ Captured log call -------------------------------
INFO     cocotb:simulator.py:295 Running command: iverilog -o /mnt/c/Workspace/quartus_project/sim_build/burst_master_4/burst_master_4.vvp -D COCOTB_SIM=1 -g2012 -s burst_master_4 -s iverilog_dump /mnt/c/Workspace/quartus_project/RTL/burst_master_4.v /mnt/c/Workspace/quartus_project/RTL/simple_fifo.v /mnt/c/Workspace/quartus_project/sim_build/burst_master_4/iverilog_dump.v
INFO     cocotb:simulator.py:295 Running command: vvp -M /home/morer/.local/lib/python3.10/site-packages/cocotb/libs -m libcocotbvpi_icarus /mnt/c/Workspace/quartus_project/sim_build/burst_master_4/burst_master_4.vvp -fst
INFO     cocotb:simulator.py:266      -.--ns INFO     gpi                                ..mbed/gpi_embed.cpp:93   in _embed_init_python              Using Python 3.10.14 interpreter at /usr/bin/python3
INFO     cocotb:simulator.py:266      -.--ns INFO     gpi                                ../gpi/GpiCommon.cpp:79   in gpi_print_registered_impl       VPI registered
INFO     cocotb:simulator.py:266      0.00ns INFO     cocotb                             Running on Icarus Verilog version 11.0 (stable)
INFO     cocotb:simulator.py:266      0.00ns WARNING  gpi                                vpi_iterate returned NULL for type vpiInstance for object NULL
INFO     cocotb:simulator.py:266      0.00ns INFO     cocotb                             Seeding Python random module with 1770715032
INFO     cocotb:simulator.py:266      0.00ns INFO     cocotb                             Initialized cocotb v2.0.1 from /home/morer/.local/lib/python3.10/site-packages/cocotb
INFO     cocotb:simulator.py:266      0.00ns INFO     cocotb                             Running tests
INFO     cocotb:simulator.py:266      0.00ns INFO     cocotb.regression                  running tb_burst_master.test_burst_master_basic (1/3)
INFO     cocotb:simulator.py:266                                                             Test Basic Burst Copy
INFO     cocotb:simulator.py:266      0.00ns WARNING  py.warnings                        /mnt/c/Workspace/quartus_project/tests/cocotb/tb_burst_master.py:90: DeprecationWarning: The 'units' argument has been renamed to 'unit'.
INFO     cocotb:simulator.py:266                                                           clock = Clock(dut.clk, 10, units="ns")
INFO     cocotb:simulator.py:266     20.00ns INFO     cocotb.burst_master_4              Configuring CSR Registers...
INFO     cocotb:simulator.py:266     80.00ns INFO     cocotb.burst_master_4              Starting Transfer...
INFO     cocotb:simulator.py:266    130.00ns INFO     cocotb.burst_master_4              [MEM] Read Request Accepted: Addr=0x1000, Burst=256
INFO     cocotb:simulator.py:266    130.00ns INFO     cocotb.burst_master_4              [MEM] Data Driver: Starting burst Addr=0x1000 Len=256
INFO     cocotb:simulator.py:266    150.00ns INFO     cocotb.burst_master_4              [MEM] Read Request Accepted: Addr=0x1400, Burst=256
INFO     cocotb:simulator.py:266   2700.00ns INFO     cocotb.burst_master_4              [MEM] Data Driver: Starting burst Addr=0x1400 Len=256
INFO     cocotb:simulator.py:266   2780.00ns INFO     cocotb.burst_master_4              [MEM] Write Start: Addr=0x5000, Len=256
INFO     cocotb:simulator.py:266   5350.00ns INFO     cocotb.burst_master_4              [MEM] Write Start: Addr=0x5400, Len=256
INFO     cocotb:simulator.py:266   8020.00ns INFO     cocotb.burst_master_4              Transaction Done! (Status Bit Set)
INFO     cocotb:simulator.py:266   8040.00ns WARNING  ..er_basic.test_burst_master_basic Data Mismatch at 0x5000: Expected 0xa000, Got 0x66
INFO     cocotb:simulator.py:266                                                         Traceback (most recent call last):
INFO     cocotb:simulator.py:266                                                           File "/mnt/c/Workspace/quartus_project/tests/cocotb/tb_burst_master.py", line 177, in test_burst_master_basic
INFO     cocotb:simulator.py:266                                                             raise AssertionError(f"Data Mismatch at {hex(addr)}: Expected {hex(expected)}, Got {hex(read_val)}")
INFO     cocotb:simulator.py:266                                                         AssertionError: Data Mismatch at 0x5000: Expected 0xa000, Got 0x66
INFO     cocotb:simulator.py:266   8040.00ns WARNING  cocotb.regression                  tb_burst_master.test_burst_master_basic failed
INFO     cocotb:simulator.py:266   8040.00ns INFO     cocotb.regression                  running tb_burst_master.test_burst_master_4_pipeline (2/3)
INFO     cocotb:simulator.py:266                                                             Test Burst Master 4 Handshake Pipeline
INFO     cocotb:simulator.py:266   8040.00ns WARNING  py.warnings                        /mnt/c/Workspace/quartus_project/tests/cocotb/tb_burst_master.py:190: DeprecationWarning: The 'units' argument has been renamed to 'unit'.
INFO     cocotb:simulator.py:266                                                           clock = Clock(dut.clk, 10, units="ns")
INFO     cocotb:simulator.py:266   8060.00ns INFO     cocotb.burst_master_4              Configuring CSR with Coeff = 3
INFO     cocotb:simulator.py:266   8230.00ns INFO     cocotb.burst_master_4              [mem_model] Read Request Accepted: Addr=0x1000, Burst=64
INFO     cocotb:simulator.py:266   8230.00ns INFO     cocotb.burst_master_4              [mem_model] Data Driver: Starting burst Addr=0x1000 Len=64
INFO     cocotb:simulator.py:266   8250.00ns INFO     cocotb.burst_master_4              [mem_model] Read Request Accepted: Addr=0x1100, Burst=64
INFO     cocotb:simulator.py:266   8270.00ns INFO     cocotb.burst_master_4              [mem_model] Read Request Accepted: Addr=0x1200, Burst=64
INFO     cocotb:simulator.py:266   8290.00ns INFO     cocotb.burst_master_4              [mem_model] Read Request Accepted: Addr=0x1300, Burst=64
INFO     cocotb:simulator.py:266   8880.00ns INFO     cocotb.burst_master_4              [mem_model] Data Driver: Starting burst Addr=0x1100 Len=64
INFO     cocotb:simulator.py:266   8960.00ns INFO     cocotb.burst_master_4              [mem_model] Write Start: Addr=0x2000, Len=64
INFO     cocotb:simulator.py:266   9530.00ns INFO     cocotb.burst_master_4              [mem_model] Data Driver: Starting burst Addr=0x1200 Len=64
INFO     cocotb:simulator.py:266   9610.00ns INFO     cocotb.burst_master_4              [mem_model] Write Start: Addr=0x2100, Len=64
INFO     cocotb:simulator.py:266  10180.00ns INFO     cocotb.burst_master_4              [mem_model] Data Driver: Starting burst Addr=0x1300 Len=64
INFO     cocotb:simulator.py:266  10260.00ns INFO     cocotb.burst_master_4              [mem_model] Write Start: Addr=0x2200, Len=64
INFO     cocotb:simulator.py:266  10910.00ns INFO     cocotb.burst_master_4              [mem_model] Write Start: Addr=0x2300, Len=64
INFO     cocotb:simulator.py:266  11590.00ns INFO     cocotb.burst_master_4              Handshake Pipeline Verification Complete!
INFO     cocotb:simulator.py:266  11590.00ns INFO     cocotb.regression                  tb_burst_master.test_burst_master_4_pipeline passed
INFO     cocotb:simulator.py:266  11590.00ns INFO     cocotb.regression                  running tb_burst_master.test_programmable_burst (3/3)
INFO     cocotb:simulator.py:266                                                             Test Programmable Burst Length (Read=64, Write=32)
INFO     cocotb:simulator.py:266  11590.00ns INFO     cocotb.burst_master_4              Skipping programmable burst (addr map specific) for burst_master_4
INFO     cocotb:simulator.py:266  11590.00ns INFO     cocotb.regression                  tb_burst_master.test_programmable_burst passed
INFO     cocotb:simulator.py:266  11590.00ns INFO     cocotb.regression                  ******************************************************************************************************
INFO     cocotb:simulator.py:266                                                         ** TEST                                          STATUS  SIM TIME (ns)  REAL TIME (s)  RATIO (ns/s) **
INFO     cocotb:simulator.py:266                                                         ******************************************************************************************************
INFO     cocotb:simulator.py:266                                                         ** tb_burst_master.test_burst_master_basic        FAIL        8040.00           0.12      69138.44  **
INFO     cocotb:simulator.py:266                                                         ** tb_burst_master.test_burst_master_4_pipeline   PASS        3550.00           0.05      75497.56  **
INFO     cocotb:simulator.py:266                                                         ** tb_burst_master.test_programmable_burst        PASS           0.00           0.00          0.00  **
INFO     cocotb:simulator.py:266                                                         ******************************************************************************************************
INFO     cocotb:simulator.py:266                                                         ** TESTS=3 PASS=2 FAIL=1 SKIP=0                              11590.00           0.18      64738.56  **
INFO     cocotb:simulator.py:266                                                         ******************************************************************************************************
INFO     cocotb:simulator.py:266 FST info: dumpfile burst_master_4.fst opened for output.
ERROR    cocotb:simulator.py:217 Failed: tb_burst_master::test_burst_master_basic
=============================== warnings summary ===============================
tests/cocotb/test_runner.py::test_cocotb_modules[burst_master_4-tb_burst_master-sources4]
  /home/morer/.local/lib/python3.10/site-packages/cocotb_test/simulator.py:402: DeprecationWarning: Using kwargs is deprecated. Please explicitly declare or arguments instead.
    super().__init__(*argv, **kwargs)

-- Docs: https://docs.pytest.org/en/stable/how-to/capture-warnings.html
=========================== short test summary info ============================
FAILED tests/cocotb/test_runner.py::test_cocotb_modules[burst_master_4-tb_burst_master-sources4]
================== 1 failed, 4 deselected, 1 warning in 0.77s ==================
